Lmod Warning: Input module (gcc) not found, using module: GCC . . . (ICER v.) 


Lmod Warning: Input module (openmpi) not found, using module: OpenMPI . . .
(ICER v.) 


Lmod Warning: Input module (hdf5) not found, using module: HDF5 . . . (ICER
v.) 


Lmod Warning: Input module (python) not found, using module: Python . . .
(ICER v.) 


1000
1000
1000
1000
Rank: 1 Calculation took 0.000639856 seconds.

1000000
Rank: 2 Calculation took 0.000868965 seconds.

1000000
Rank: 3 Calculation took 0.000950296 seconds.

1000000
Estimated Pi = 3.14596
Rank: 0 Calculation took 0.000909261 seconds.
Total runtime = 0.000950296

1000000
Rank: 3 Calculation took 0.420141 seconds.

1000000000
Rank: 1 Calculation took 0.441275 seconds.

1000000000
Estimated Pi = 3.14149
Rank: 0 Calculation took 0.446356 seconds.
Total runtime = 0.446395

Rank: 2 Calculation took 0.446395 seconds.

1000000000
1000000000
Rank: 3 Calculation took 5.09213 seconds.

Rank: 1 Calculation took 5.07396 seconds.

Rank: 2 Calculation took 5.07706 seconds.

Estimated Pi = 3.14158
Rank: 0 Calculation took 5.08073 seconds.
Total runtime = 5.09213

JobId=31310831 JobName=N=4
   UserId=zhengyil(982779) GroupId=cse(2010) MCS_label=N/A
   Priority=61447 Nice=0 Account=general QOS=zhengyil
   JobState=RUNNING Reason=None Dependency=(null)
   Requeue=1 Restarts=0 BatchFlag=1 Reboot=0 ExitCode=0:0
   RunTime=00:00:10 TimeLimit=00:10:00 TimeMin=N/A
   SubmitTime=2024-02-14T14:27:03 EligibleTime=2024-02-14T14:27:03
   AccrueTime=2024-02-14T14:27:03
   StartTime=2024-02-14T14:27:57 EndTime=2024-02-14T14:37:57 Deadline=N/A
   SuspendTime=None SecsPreSuspend=0 LastSchedEval=2024-02-14T14:27:57 Scheduler=Backfill
   Partition=general-long AllocNode:Sid=dev-amd20:121910
   ReqNodeList=(null) ExcNodeList=(null)
   NodeList=lac-379
   BatchHost=lac-379
   NumNodes=1 NumCPUs=16 NumTasks=4 CPUs/Task=4 ReqB:S:C:T=0:0:*:*
   ReqTRES=cpu=16,mem=2G,node=1,billing=311
   AllocTRES=cpu=16,mem=2G,node=1,billing=311
   Socks/Node=* NtasksPerN:B:S:C=0:0:*:* CoreSpec=*
   MinCPUsNode=4 MinMemoryNode=2G MinTmpDiskNode=0
   Features=[intel14|intel16|intel18|(amr|acm)|nvf|nal|nif] DelayBoot=00:00:00
   OverSubscribe=OK Contiguous=0 Licenses=(null) Network=(null)
   Command=../submitjob.sb
   WorkDir=/mnt/gs21/scratch/zhengyil/project-2-pi-by-mpi-team5-1/Part4
   Comment=stdout=/mnt/gs21/scratch/zhengyil/project-2-pi-by-mpi-team5-1/Part4/slurm-31310831.out 
   StdErr=/mnt/gs21/scratch/zhengyil/project-2-pi-by-mpi-team5-1/Part4/slurm-31310831.out
   StdIn=/dev/null
   StdOut=/mnt/gs21/scratch/zhengyil/project-2-pi-by-mpi-team5-1/Part4/slurm-31310831.out
   Power=
   

