Lmod Warning: Input module (gcc) not found, using module: GCC . . . (ICER v.) 


Lmod Warning: Input module (openmpi) not found, using module: OpenMPI . . .
(ICER v.) 


Lmod Warning: Input module (hdf5) not found, using module: HDF5 . . . (ICER
v.) 


Lmod Warning: Input module (python) not found, using module: Python . . .
(ICER v.) 


JobId=31345485 JobName=pi_estimate
   UserId=zhengyil(982779) GroupId=cse(2010) MCS_label=N/A
   Priority=61424 Nice=0 Account=general QOS=zhengyil
   JobState=RUNNING Reason=None Dependency=(null)
   Requeue=1 Restarts=0 BatchFlag=1 Reboot=0 ExitCode=0:0
   RunTime=00:00:42 TimeLimit=00:15:00 TimeMin=N/A
   SubmitTime=2024-02-15T11:47:56 EligibleTime=2024-02-15T11:47:56
   AccrueTime=2024-02-15T11:47:56
   StartTime=2024-02-15T11:48:49 EndTime=2024-02-15T12:03:49 Deadline=N/A
   SuspendTime=None SecsPreSuspend=0 LastSchedEval=2024-02-15T11:48:49 Scheduler=Backfill
   Partition=general-long AllocNode:Sid=dev-intel18:36120
   ReqNodeList=(null) ExcNodeList=(null)
   NodeList=skl-059
   BatchHost=skl-059
   NumNodes=1 NumCPUs=16 NumTasks=1 CPUs/Task=16 ReqB:S:C:T=0:0:*:*
   ReqTRES=cpu=16,mem=2G,node=1,billing=311
   AllocTRES=cpu=16,mem=2G,node=1,billing=311
   Socks/Node=* NtasksPerN:B:S:C=0:0:*:* CoreSpec=*
   MinCPUsNode=16 MinMemoryNode=2G MinTmpDiskNode=0
   Features=[intel14|intel16|intel18|(amr|acm)|nvf|nal|nif]&intel18 DelayBoot=00:00:00
   OverSubscribe=OK Contiguous=0 Licenses=(null) Network=(null)
   Command=/mnt/gs21/scratch/zhengyil/project-2-pi-by-mpi-team5-1/Part4/submitjob.sb
   WorkDir=/mnt/gs21/scratch/zhengyil/project-2-pi-by-mpi-team5-1/Part4
   Comment=stdout=/mnt/gs21/scratch/zhengyil/project-2-pi-by-mpi-team5-1/Part4/slurm-31345485.out 
   StdErr=/mnt/gs21/scratch/zhengyil/project-2-pi-by-mpi-team5-1/Part4/slurm-31345485.out
   StdIn=/dev/null
   StdOut=/mnt/gs21/scratch/zhengyil/project-2-pi-by-mpi-team5-1/Part4/slurm-31345485.out
   Power=
   

